Error: (pymysql.err.DataError) (1265, "Data truncated for column 'priority' at row 1")
[SQL: INSERT INTO shjl_todos (id, user_id, title, content, type, priority, status, sender, source_origin, source_message_id, ai_summary, ai_action, is_user_task, text_type, due_at, completed_at, created_at, updated_at, is_deleted) VALUES (%(id)s, %(user_id)s, %(title)s, %(content)s, %(type)s, %(priority)s, %(status)s, %(sender)s, %(source_origin)s, %(source_message_id)s, %(ai_summary)s, %(ai_action)s, %(is_user_task)s, %(text_type)s, %(due_at)s, %(completed_at)s, %(created_at)s, %(updated_at)s, %(is_deleted)s)]
[parameters: {'id': '1a920ce2-54df-466d-b1db-5bd1f3798d71', 'user_id': '7f9ed429-db15-4782-97d4-3839e9520286', 'title': '[姚聪] 安排姚聪参加快速会议', 'content': '任务详情: 安排姚聪参加快速会议\n责任人: 姚聪\n截止时间: 2026-02-12 18:00', 'type': 'meeting', 'priority': '中', 'status': 'pending', 'sender': '会议助手', 'source_origin': 'meeting_minutes', 'source_message_id': '69579fbb-4be9-4870-8dac-823d612551f8', 'ai_summary': None, 'ai_action': None, 'is_user_task': 0, 'text_type': 0, 'due_at': None, 'completed_at': None, 'created_at': datetime.datetime(2026, 2, 12, 17, 38, 8, 97260), 'updated_at': datetime.datetime(2026, 2, 12, 17, 38, 8, 97260), 'is_deleted': 0}]
(Background on this error at: https://sqlalche.me/e/20/9h9h)
Traceback (most recent call last):
  File "D:\anaconda\envs\water_essence_backend\Lib\site-packages\sqlalchemy\engine\base.py", line 1967, in _exec_single_context
    self.dialect.do_execute(
  File "D:\anaconda\envs\water_essence_backend\Lib\site-packages\sqlalchemy\engine\default.py", line 952, in do_execute
    cursor.execute(statement, parameters)
  File "D:\anaconda\envs\water_essence_backend\Lib\site-packages\pymysql\cursors.py", line 153, in execute
    result = self._query(query)
             ^^^^^^^^^^^^^^^^^^
  File "D:\anaconda\envs\water_essence_backend\Lib\site-packages\pymysql\cursors.py", line 322, in _query
    conn.query(q)
  File "D:\anaconda\envs\water_essence_backend\Lib\site-packages\pymysql\connections.py", line 575, in query
    self._affected_rows = self._read_query_result(unbuffered=unbuffered)
                          ^^^^^^^^^^^^^^^^^^^^^^^^^^^^^^^^^^^^^^^^^^^^^^
  File "D:\anaconda\envs\water_essence_backend\Lib\site-packages\pymysql\connections.py", line 826, in _read_query_result
    result.read()
  File "D:\anaconda\envs\water_essence_backend\Lib\site-packages\pymysql\connections.py", line 1203, in read
    first_packet = self.connection._read_packet()
                   ^^^^^^^^^^^^^^^^^^^^^^^^^^^^^^
  File "D:\anaconda\envs\water_essence_backend\Lib\site-packages\pymysql\connections.py", line 782, in _read_packet
    packet.raise_for_error()
  File "D:\anaconda\envs\water_essence_backend\Lib\site-packages\pymysql\protocol.py", line 219, in raise_for_error
    err.raise_mysql_exception(self._data)
  File "D:\anaconda\envs\water_essence_backend\Lib\site-packages\pymysql\err.py", line 150, in raise_mysql_exception
    raise errorclass(errno, errval)
pymysql.err.DataError: (1265, "Data truncated for column 'priority' at row 1")

The above exception was the direct cause of the following exception:

Traceback (most recent call last):
  File "D:\1.ALL-Project\成都实习项目\shuihua\shuihua\backend\server_receive.py", line 411, in save_meeting_data_to_db
    db.commit()
  File "D:\anaconda\envs\water_essence_backend\Lib\site-packages\sqlalchemy\orm\session.py", line 2030, in commit
    trans.commit(_to_root=True)
  File "<string>", line 2, in commit
  File "D:\anaconda\envs\water_essence_backend\Lib\site-packages\sqlalchemy\orm\state_changes.py", line 137, in _go
    ret_value = fn(self, *arg, **kw)
                ^^^^^^^^^^^^^^^^^^^^
  File "D:\anaconda\envs\water_essence_backend\Lib\site-packages\sqlalchemy\orm\session.py", line 1311, in commit
    self._prepare_impl()
  File "<string>", line 2, in _prepare_impl
  File "D:\anaconda\envs\water_essence_backend\Lib\site-packages\sqlalchemy\orm\state_changes.py", line 137, in _go
    ret_value = fn(self, *arg, **kw)
                ^^^^^^^^^^^^^^^^^^^^
  File "D:\anaconda\envs\water_essence_backend\Lib\site-packages\sqlalchemy\orm\session.py", line 1286, in _prepare_impl
    self.session.flush()
  File "D:\anaconda\envs\water_essence_backend\Lib\site-packages\sqlalchemy\orm\session.py", line 4331, in flush
    self._flush(objects)
  File "D:\anaconda\envs\water_essence_backend\Lib\site-packages\sqlalchemy\orm\session.py", line 4466, in _flush
    with util.safe_reraise():
         ^^^^^^^^^^^^^^^^^^^
  File "D:\anaconda\envs\water_essence_backend\Lib\site-packages\sqlalchemy\util\langhelpers.py", line 224, in __exit__
    raise exc_value.with_traceback(exc_tb)
  File "D:\anaconda\envs\water_essence_backend\Lib\site-packages\sqlalchemy\orm\session.py", line 4427, in _flush
    flush_context.execute()
  File "D:\anaconda\envs\water_essence_backend\Lib\site-packages\sqlalchemy\orm\unitofwork.py", line 466, in execute
    rec.execute(self)
  File "D:\anaconda\envs\water_essence_backend\Lib\site-packages\sqlalchemy\orm\unitofwork.py", line 642, in execute
    util.preloaded.orm_persistence.save_obj(
  File "D:\anaconda\envs\water_essence_backend\Lib\site-packages\sqlalchemy\orm\persistence.py", line 93, in save_obj
    _emit_insert_statements(
  File "D:\anaconda\envs\water_essence_backend\Lib\site-packages\sqlalchemy\orm\persistence.py", line 1048, in _emit_insert_statements
    result = connection.execute(
             ^^^^^^^^^^^^^^^^^^^
  File "D:\anaconda\envs\water_essence_backend\Lib\site-packages\sqlalchemy\engine\base.py", line 1419, in execute
    return meth(
           ^^^^^
  File "D:\anaconda\envs\water_essence_backend\Lib\site-packages\sqlalchemy\sql\elements.py", line 527, in _execute_on_connection
    return connection._execute_clauseelement(
           ^^^^^^^^^^^^^^^^^^^^^^^^^^^^^^^^^^
  File "D:\anaconda\envs\water_essence_backend\Lib\site-packages\sqlalchemy\engine\base.py", line 1641, in _execute_clauseelement
    ret = self._execute_context(
          ^^^^^^^^^^^^^^^^^^^^^^
  File "D:\anaconda\envs\water_essence_backend\Lib\site-packages\sqlalchemy\engine\base.py", line 1846, in _execute_context
    return self._exec_single_context(
           ^^^^^^^^^^^^^^^^^^^^^^^^^^
  File "D:\anaconda\envs\water_essence_backend\Lib\site-packages\sqlalchemy\engine\base.py", line 1986, in _exec_single_context
    self._handle_dbapi_exception(
  File "D:\anaconda\envs\water_essence_backend\Lib\site-packages\sqlalchemy\engine\base.py", line 2363, in _handle_dbapi_exception
    raise sqlalchemy_exception.with_traceback(exc_info[2]) from e
  File "D:\anaconda\envs\water_essence_backend\Lib\site-packages\sqlalchemy\engine\base.py", line 1967, in _exec_single_context
    self.dialect.do_execute(
  File "D:\anaconda\envs\water_essence_backend\Lib\site-packages\sqlalchemy\engine\default.py", line 952, in do_execute
    cursor.execute(statement, parameters)
  File "D:\anaconda\envs\water_essence_backend\Lib\site-packages\pymysql\cursors.py", line 153, in execute
    result = self._query(query)
             ^^^^^^^^^^^^^^^^^^
  File "D:\anaconda\envs\water_essence_backend\Lib\site-packages\pymysql\cursors.py", line 322, in _query
    conn.query(q)
  File "D:\anaconda\envs\water_essence_backend\Lib\site-packages\pymysql\connections.py", line 575, in query
    self._affected_rows = self._read_query_result(unbuffered=unbuffered)
                          ^^^^^^^^^^^^^^^^^^^^^^^^^^^^^^^^^^^^^^^^^^^^^^
  File "D:\anaconda\envs\water_essence_backend\Lib\site-packages\pymysql\connections.py", line 826, in _read_query_result
    result.read()
  File "D:\anaconda\envs\water_essence_backend\Lib\site-packages\pymysql\connections.py", line 1203, in read
    first_packet = self.connection._read_packet()
                   ^^^^^^^^^^^^^^^^^^^^^^^^^^^^^^
  File "D:\anaconda\envs\water_essence_backend\Lib\site-packages\pymysql\connections.py", line 782, in _read_packet
    packet.raise_for_error()
  File "D:\anaconda\envs\water_essence_backend\Lib\site-packages\pymysql\protocol.py", line 219, in raise_for_error
    err.raise_mysql_exception(self._data)
  File "D:\anaconda\envs\water_essence_backend\Lib\site-packages\pymysql\err.py", line 150, in raise_mysql_exception
    raise errorclass(errno, errval)
sqlalchemy.exc.DataError: (pymysql.err.DataError) (1265, "Data truncated for column 'priority' at row 1")
[SQL: INSERT INTO shjl_todos (id, user_id, title, content, type, priority, status, sender, source_origin, source_message_id, ai_summary, ai_action, is_user_task, text_type, due_at, completed_at, created_at, updated_at, is_deleted) VALUES (%(id)s, %(user_id)s, %(title)s, %(content)s, %(type)s, %(priority)s, %(status)s, %(sender)s, %(source_origin)s, %(source_message_id)s, %(ai_summary)s, %(ai_action)s, %(is_user_task)s, %(text_type)s, %(due_at)s, %(completed_at)s, %(created_at)s, %(updated_at)s, %(is_deleted)s)]
[parameters: {'id': '1a920ce2-54df-466d-b1db-5bd1f3798d71', 'user_id': '7f9ed429-db15-4782-97d4-3839e9520286', 'title': '[姚聪] 安排姚聪参加快速会议', 'content': '任务详情: 安排姚聪参加快速会议\n责任人: 姚聪\n截止时间: 2026-02-12 18:00', 'type': 'meeting', 'priority': '中', 'status': 'pending', 'sender': '会议助手', 'source_origin': 'meeting_minutes', 'source_message_id': '69579fbb-4be9-4870-8dac-823d612551f8', 'ai_summary': None, 'ai_action': None, 'is_user_task': 0, 'text_type': 0, 'due_at': None, 'completed_at': None, 'created_at': datetime.datetime(2026, 2, 12, 17, 38, 8, 97260), 'updated_at': datetime.datetime(2026, 2, 12, 17, 38, 8, 97260), 'is_deleted': 0}]
(Background on this error at: https://sqlalche.me/e/20/9h9h)
