Error: (pymysql.err.DataError) (1265, "Data truncated for column 'priority' at row 1")
[SQL: INSERT INTO shjl_todos (id, user_id, title, content, type, priority, status, sender, source_origin, source_message_id, ai_summary, ai_action, is_user_task, text_type, due_at, completed_at, created_at, updated_at, is_deleted) VALUES (%(id)s, %(user_id)s, %(title)s, %(content)s, %(type)s, %(priority)s, %(status)s, %(sender)s, %(source_origin)s, %(source_message_id)s, %(ai_summary)s, %(ai_action)s, %(is_user_task)s, %(text_type)s, %(due_at)s, %(completed_at)s, %(created_at)s, %(updated_at)s, %(is_deleted)s)]
[parameters: [{'id': '003da53c-2b9a-4e39-b0cc-bbf781cd95b8', 'user_id': '00000000-0000-0000-0000-000000000000', 'title': '进一步了解企业微信群聊内容分享及AI总结功能以提升助手价值', 'content': '详情: 进一步了解企业微信群聊内容分享及AI总结功能以提升助手价值\n责任人: 待定', 'type': 'task', 'priority': 'medium', 'status': 'pending', 'sender': '会议纪要助手', 'source_origin': 'meeting_minutes', 'source_message_id': 'e72fd87f-b4e8-43e2-934e-806c0998dd74', 'ai_summary': '截止: 无', 'ai_action': None, 'is_user_task': 0, 'text_type': 0, 'due_at': None, 'completed_at': None, 'created_at': datetime.datetime(2026, 2, 4, 16, 23, 48, 103200), 'updated_at': datetime.datetime(2026, 2, 4, 16, 23, 48, 103200), 'is_deleted': 0}, {'id': 'b910e19f-2caa-4e3f-baed-35d51f5c83dc', 'user_id': '00000000-0000-0000-0000-000000000000', 'title': '解决万能小助手应用审批邮件接口权限问题，需联系企业微信超级管理员', 'content': '详情: 解决万能小助手应用审批邮件接口权限问题，需联系企业微信超级管理员\n责任人: 待定', 'type': 'task', 'priority': 'medium', 'status': 'pending', 'sender': '会议纪要助手', 'source_origin': 'meeting_minutes', 'source_message_id': 'e72fd87f-b4e8-43e2-934e-806c0998dd74', 'ai_summary': '截止: 无', 'ai_action': None, 'is_user_task': 0, 'text_type': 0, 'due_at': None, 'completed_at': None, 'created_at': datetime.datetime(2026, 2, 4, 16, 23, 48, 103200), 'updated_at': datetime.datetime(2026, 2, 4, 16, 23, 48, 103200), 'is_deleted': 0}, {'id': 'f250c4e2-226a-4709-a258-040f88cddf79', 'user_id': '00000000-0000-0000-0000-000000000000', 'title': '研究企业微信API和应用开发，以便实现数据收集和分析功能', 'content': '详情: 研究企业微信API和应用开发，以便实现数据收集和分析功能\n责任人: 待定', 'type': 'task', 'priority': 'medium', 'status': 'pending', 'sender': '会议纪要助手', 'source_origin': 'meeting_minutes', 'source_message_id': 'e72fd87f-b4e8-43e2-934e-806c0998dd74', 'ai_summary': '截止: 无', 'ai_action': None, 'is_user_task': 0, 'text_type': 0, 'due_at': None, 'completed_at': None, 'created_at': datetime.datetime(2026, 2, 4, 16, 23, 48, 103200), 'updated_at': datetime.datetime(2026, 2, 4, 16, 23, 48, 103200), 'is_deleted': 0}, {'id': 'c56f813a-ddc9-47cd-9fcf-10dcbd0e0776', 'user_id': '00000000-0000-0000-0000-000000000000', 'title': '在会后研究开源模型和工具链，以便在搜索和分析时使用', 'content': '详情: 在会后研究开源模型和工具链，以便在搜索和分析时使用\n责任人: 待定', 'type': 'task', 'priority': 'medium', 'status': 'pending', 'sender': '会议纪要助手', 'source_origin': 'meeting_minutes', 'source_message_id': 'e72fd87f-b4e8-43e2-934e-806c0998dd74', 'ai_summary': '截止: 无', 'ai_action': None, 'is_user_task': 0, 'text_type': 0, 'due_at': None, 'completed_at': None, 'created_at': datetime.datetime(2026, 2, 4, 16, 23, 48, 103200), 'updated_at': datetime.datetime(2026, 2, 4, 16, 23, 48, 103200), 'is_deleted': 0}, {'id': 'ff11052b-8e5b-4747-b6fe-9ae8397693d8', 'user_id': '00000000-0000-0000-0000-000000000000', 'title': '【会议】会议纪要', 'content': '【会议纪要】\n这是一场关于企业微信API集成与智能助手功能开发的讨论会。会议主要探讨了如何通过企业微信API实现邮件收发、会议管理及聊天记录分析等功能的智能化。参会者还讨论了智能助手在数据整合、深度搜索及用户体验优化方面的潜在应用与挑战。...\n\n已提取待办: 4条', 'type': 'meeting', 'priority': 'high', 'status': 'completed', 'sender': '会议助手', 'source_origin': 'meeting_minutes', 'source_message_id': 'e72fd87f-b4e8-43e2-934e-806c0998dd74', 'ai_summary': None, 'ai_action': None, 'is_user_task': 0, 'text_type': 0, 'due_at': None, 'completed_at': None, 'created_at': datetime.datetime(2026, 2, 4, 16, 23, 48, 103717), 'updated_at': datetime.datetime(2026, 2, 4, 16, 23, 48, 103717), 'is_deleted': 0}]]
(Background on this error at: https://sqlalche.me/e/20/9h9h)
Traceback (most recent call last):
  File "D:\anaconda\envs\water_essence_backend\Lib\site-packages\sqlalchemy\engine\base.py", line 1936, in _exec_single_context
    self.dialect.do_executemany(
  File "D:\anaconda\envs\water_essence_backend\Lib\site-packages\sqlalchemy\dialects\mysql\mysqldb.py", line 196, in do_executemany
    rowcount = cursor.executemany(statement, parameters)
               ^^^^^^^^^^^^^^^^^^^^^^^^^^^^^^^^^^^^^^^^^
  File "D:\anaconda\envs\water_essence_backend\Lib\site-packages\pymysql\cursors.py", line 182, in executemany
    return self._do_execute_many(
           ^^^^^^^^^^^^^^^^^^^^^^
  File "D:\anaconda\envs\water_essence_backend\Lib\site-packages\pymysql\cursors.py", line 220, in _do_execute_many
    rows += self.execute(sql + postfix)
            ^^^^^^^^^^^^^^^^^^^^^^^^^^^
  File "D:\anaconda\envs\water_essence_backend\Lib\site-packages\pymysql\cursors.py", line 153, in execute
    result = self._query(query)
             ^^^^^^^^^^^^^^^^^^
  File "D:\anaconda\envs\water_essence_backend\Lib\site-packages\pymysql\cursors.py", line 322, in _query
    conn.query(q)
  File "D:\anaconda\envs\water_essence_backend\Lib\site-packages\pymysql\connections.py", line 575, in query
    self._affected_rows = self._read_query_result(unbuffered=unbuffered)
                          ^^^^^^^^^^^^^^^^^^^^^^^^^^^^^^^^^^^^^^^^^^^^^^
  File "D:\anaconda\envs\water_essence_backend\Lib\site-packages\pymysql\connections.py", line 826, in _read_query_result
    result.read()
  File "D:\anaconda\envs\water_essence_backend\Lib\site-packages\pymysql\connections.py", line 1203, in read
    first_packet = self.connection._read_packet()
                   ^^^^^^^^^^^^^^^^^^^^^^^^^^^^^^
  File "D:\anaconda\envs\water_essence_backend\Lib\site-packages\pymysql\connections.py", line 782, in _read_packet
    packet.raise_for_error()
  File "D:\anaconda\envs\water_essence_backend\Lib\site-packages\pymysql\protocol.py", line 219, in raise_for_error
    err.raise_mysql_exception(self._data)
  File "D:\anaconda\envs\water_essence_backend\Lib\site-packages\pymysql\err.py", line 150, in raise_mysql_exception
    raise errorclass(errno, errval)
pymysql.err.DataError: (1265, "Data truncated for column 'priority' at row 1")

The above exception was the direct cause of the following exception:

Traceback (most recent call last):
  File "D:\1.ALL-Project\成都实习项目\shuihua\shuihua\backend\server_receive.py", line 325, in save_meeting_data_to_db
    db.commit()
  File "D:\anaconda\envs\water_essence_backend\Lib\site-packages\sqlalchemy\orm\session.py", line 2030, in commit
    trans.commit(_to_root=True)
  File "<string>", line 2, in commit
  File "D:\anaconda\envs\water_essence_backend\Lib\site-packages\sqlalchemy\orm\state_changes.py", line 137, in _go
    ret_value = fn(self, *arg, **kw)
                ^^^^^^^^^^^^^^^^^^^^
  File "D:\anaconda\envs\water_essence_backend\Lib\site-packages\sqlalchemy\orm\session.py", line 1311, in commit
    self._prepare_impl()
  File "<string>", line 2, in _prepare_impl
  File "D:\anaconda\envs\water_essence_backend\Lib\site-packages\sqlalchemy\orm\state_changes.py", line 137, in _go
    ret_value = fn(self, *arg, **kw)
                ^^^^^^^^^^^^^^^^^^^^
  File "D:\anaconda\envs\water_essence_backend\Lib\site-packages\sqlalchemy\orm\session.py", line 1286, in _prepare_impl
    self.session.flush()
  File "D:\anaconda\envs\water_essence_backend\Lib\site-packages\sqlalchemy\orm\session.py", line 4331, in flush
    self._flush(objects)
  File "D:\anaconda\envs\water_essence_backend\Lib\site-packages\sqlalchemy\orm\session.py", line 4466, in _flush
    with util.safe_reraise():
         ^^^^^^^^^^^^^^^^^^^
  File "D:\anaconda\envs\water_essence_backend\Lib\site-packages\sqlalchemy\util\langhelpers.py", line 224, in __exit__
    raise exc_value.with_traceback(exc_tb)
  File "D:\anaconda\envs\water_essence_backend\Lib\site-packages\sqlalchemy\orm\session.py", line 4427, in _flush
    flush_context.execute()
  File "D:\anaconda\envs\water_essence_backend\Lib\site-packages\sqlalchemy\orm\unitofwork.py", line 466, in execute
    rec.execute(self)
  File "D:\anaconda\envs\water_essence_backend\Lib\site-packages\sqlalchemy\orm\unitofwork.py", line 642, in execute
    util.preloaded.orm_persistence.save_obj(
  File "D:\anaconda\envs\water_essence_backend\Lib\site-packages\sqlalchemy\orm\persistence.py", line 93, in save_obj
    _emit_insert_statements(
  File "D:\anaconda\envs\water_essence_backend\Lib\site-packages\sqlalchemy\orm\persistence.py", line 1048, in _emit_insert_statements
    result = connection.execute(
             ^^^^^^^^^^^^^^^^^^^
  File "D:\anaconda\envs\water_essence_backend\Lib\site-packages\sqlalchemy\engine\base.py", line 1419, in execute
    return meth(
           ^^^^^
  File "D:\anaconda\envs\water_essence_backend\Lib\site-packages\sqlalchemy\sql\elements.py", line 527, in _execute_on_connection
    return connection._execute_clauseelement(
           ^^^^^^^^^^^^^^^^^^^^^^^^^^^^^^^^^^
  File "D:\anaconda\envs\water_essence_backend\Lib\site-packages\sqlalchemy\engine\base.py", line 1641, in _execute_clauseelement
    ret = self._execute_context(
          ^^^^^^^^^^^^^^^^^^^^^^
  File "D:\anaconda\envs\water_essence_backend\Lib\site-packages\sqlalchemy\engine\base.py", line 1846, in _execute_context
    return self._exec_single_context(
           ^^^^^^^^^^^^^^^^^^^^^^^^^^
  File "D:\anaconda\envs\water_essence_backend\Lib\site-packages\sqlalchemy\engine\base.py", line 1986, in _exec_single_context
    self._handle_dbapi_exception(
  File "D:\anaconda\envs\water_essence_backend\Lib\site-packages\sqlalchemy\engine\base.py", line 2363, in _handle_dbapi_exception
    raise sqlalchemy_exception.with_traceback(exc_info[2]) from e
  File "D:\anaconda\envs\water_essence_backend\Lib\site-packages\sqlalchemy\engine\base.py", line 1936, in _exec_single_context
    self.dialect.do_executemany(
  File "D:\anaconda\envs\water_essence_backend\Lib\site-packages\sqlalchemy\dialects\mysql\mysqldb.py", line 196, in do_executemany
    rowcount = cursor.executemany(statement, parameters)
               ^^^^^^^^^^^^^^^^^^^^^^^^^^^^^^^^^^^^^^^^^
  File "D:\anaconda\envs\water_essence_backend\Lib\site-packages\pymysql\cursors.py", line 182, in executemany
    return self._do_execute_many(
           ^^^^^^^^^^^^^^^^^^^^^^
  File "D:\anaconda\envs\water_essence_backend\Lib\site-packages\pymysql\cursors.py", line 220, in _do_execute_many
    rows += self.execute(sql + postfix)
            ^^^^^^^^^^^^^^^^^^^^^^^^^^^
  File "D:\anaconda\envs\water_essence_backend\Lib\site-packages\pymysql\cursors.py", line 153, in execute
    result = self._query(query)
             ^^^^^^^^^^^^^^^^^^
  File "D:\anaconda\envs\water_essence_backend\Lib\site-packages\pymysql\cursors.py", line 322, in _query
    conn.query(q)
  File "D:\anaconda\envs\water_essence_backend\Lib\site-packages\pymysql\connections.py", line 575, in query
    self._affected_rows = self._read_query_result(unbuffered=unbuffered)
                          ^^^^^^^^^^^^^^^^^^^^^^^^^^^^^^^^^^^^^^^^^^^^^^
  File "D:\anaconda\envs\water_essence_backend\Lib\site-packages\pymysql\connections.py", line 826, in _read_query_result
    result.read()
  File "D:\anaconda\envs\water_essence_backend\Lib\site-packages\pymysql\connections.py", line 1203, in read
    first_packet = self.connection._read_packet()
                   ^^^^^^^^^^^^^^^^^^^^^^^^^^^^^^
  File "D:\anaconda\envs\water_essence_backend\Lib\site-packages\pymysql\connections.py", line 782, in _read_packet
    packet.raise_for_error()
  File "D:\anaconda\envs\water_essence_backend\Lib\site-packages\pymysql\protocol.py", line 219, in raise_for_error
    err.raise_mysql_exception(self._data)
  File "D:\anaconda\envs\water_essence_backend\Lib\site-packages\pymysql\err.py", line 150, in raise_mysql_exception
    raise errorclass(errno, errval)
sqlalchemy.exc.DataError: (pymysql.err.DataError) (1265, "Data truncated for column 'priority' at row 1")
[SQL: INSERT INTO shjl_todos (id, user_id, title, content, type, priority, status, sender, source_origin, source_message_id, ai_summary, ai_action, is_user_task, text_type, due_at, completed_at, created_at, updated_at, is_deleted) VALUES (%(id)s, %(user_id)s, %(title)s, %(content)s, %(type)s, %(priority)s, %(status)s, %(sender)s, %(source_origin)s, %(source_message_id)s, %(ai_summary)s, %(ai_action)s, %(is_user_task)s, %(text_type)s, %(due_at)s, %(completed_at)s, %(created_at)s, %(updated_at)s, %(is_deleted)s)]
[parameters: [{'id': '003da53c-2b9a-4e39-b0cc-bbf781cd95b8', 'user_id': '00000000-0000-0000-0000-000000000000', 'title': '进一步了解企业微信群聊内容分享及AI总结功能以提升助手价值', 'content': '详情: 进一步了解企业微信群聊内容分享及AI总结功能以提升助手价值\n责任人: 待定', 'type': 'task', 'priority': 'medium', 'status': 'pending', 'sender': '会议纪要助手', 'source_origin': 'meeting_minutes', 'source_message_id': 'e72fd87f-b4e8-43e2-934e-806c0998dd74', 'ai_summary': '截止: 无', 'ai_action': None, 'is_user_task': 0, 'text_type': 0, 'due_at': None, 'completed_at': None, 'created_at': datetime.datetime(2026, 2, 4, 16, 23, 48, 103200), 'updated_at': datetime.datetime(2026, 2, 4, 16, 23, 48, 103200), 'is_deleted': 0}, {'id': 'b910e19f-2caa-4e3f-baed-35d51f5c83dc', 'user_id': '00000000-0000-0000-0000-000000000000', 'title': '解决万能小助手应用审批邮件接口权限问题，需联系企业微信超级管理员', 'content': '详情: 解决万能小助手应用审批邮件接口权限问题，需联系企业微信超级管理员\n责任人: 待定', 'type': 'task', 'priority': 'medium', 'status': 'pending', 'sender': '会议纪要助手', 'source_origin': 'meeting_minutes', 'source_message_id': 'e72fd87f-b4e8-43e2-934e-806c0998dd74', 'ai_summary': '截止: 无', 'ai_action': None, 'is_user_task': 0, 'text_type': 0, 'due_at': None, 'completed_at': None, 'created_at': datetime.datetime(2026, 2, 4, 16, 23, 48, 103200), 'updated_at': datetime.datetime(2026, 2, 4, 16, 23, 48, 103200), 'is_deleted': 0}, {'id': 'f250c4e2-226a-4709-a258-040f88cddf79', 'user_id': '00000000-0000-0000-0000-000000000000', 'title': '研究企业微信API和应用开发，以便实现数据收集和分析功能', 'content': '详情: 研究企业微信API和应用开发，以便实现数据收集和分析功能\n责任人: 待定', 'type': 'task', 'priority': 'medium', 'status': 'pending', 'sender': '会议纪要助手', 'source_origin': 'meeting_minutes', 'source_message_id': 'e72fd87f-b4e8-43e2-934e-806c0998dd74', 'ai_summary': '截止: 无', 'ai_action': None, 'is_user_task': 0, 'text_type': 0, 'due_at': None, 'completed_at': None, 'created_at': datetime.datetime(2026, 2, 4, 16, 23, 48, 103200), 'updated_at': datetime.datetime(2026, 2, 4, 16, 23, 48, 103200), 'is_deleted': 0}, {'id': 'c56f813a-ddc9-47cd-9fcf-10dcbd0e0776', 'user_id': '00000000-0000-0000-0000-000000000000', 'title': '在会后研究开源模型和工具链，以便在搜索和分析时使用', 'content': '详情: 在会后研究开源模型和工具链，以便在搜索和分析时使用\n责任人: 待定', 'type': 'task', 'priority': 'medium', 'status': 'pending', 'sender': '会议纪要助手', 'source_origin': 'meeting_minutes', 'source_message_id': 'e72fd87f-b4e8-43e2-934e-806c0998dd74', 'ai_summary': '截止: 无', 'ai_action': None, 'is_user_task': 0, 'text_type': 0, 'due_at': None, 'completed_at': None, 'created_at': datetime.datetime(2026, 2, 4, 16, 23, 48, 103200), 'updated_at': datetime.datetime(2026, 2, 4, 16, 23, 48, 103200), 'is_deleted': 0}, {'id': 'ff11052b-8e5b-4747-b6fe-9ae8397693d8', 'user_id': '00000000-0000-0000-0000-000000000000', 'title': '【会议】会议纪要', 'content': '【会议纪要】\n这是一场关于企业微信API集成与智能助手功能开发的讨论会。会议主要探讨了如何通过企业微信API实现邮件收发、会议管理及聊天记录分析等功能的智能化。参会者还讨论了智能助手在数据整合、深度搜索及用户体验优化方面的潜在应用与挑战。...\n\n已提取待办: 4条', 'type': 'meeting', 'priority': 'high', 'status': 'completed', 'sender': '会议助手', 'source_origin': 'meeting_minutes', 'source_message_id': 'e72fd87f-b4e8-43e2-934e-806c0998dd74', 'ai_summary': None, 'ai_action': None, 'is_user_task': 0, 'text_type': 0, 'due_at': None, 'completed_at': None, 'created_at': datetime.datetime(2026, 2, 4, 16, 23, 48, 103717), 'updated_at': datetime.datetime(2026, 2, 4, 16, 23, 48, 103717), 'is_deleted': 0}]]
(Background on this error at: https://sqlalche.me/e/20/9h9h)
